[0.187s] DEBUG:colcon:Command line arguments: ['/usr/bin/colcon', 'build']
[0.187s] DEBUG:colcon:Parsed command line arguments: Namespace(log_base=None, log_level=None, verb_name='build', build_base='build', install_base='install', merge_install=False, symlink_install=False, test_result_base=None, continue_on_error=False, executor='parallel', parallel_workers=8, event_handlers=None, ignore_user_meta=False, metas=['./colcon.meta'], base_paths=['.'], packages_ignore=None, packages_ignore_regex=None, paths=None, packages_up_to=None, packages_up_to_regex=None, packages_above=None, packages_above_and_dependencies=None, packages_above_depth=None, packages_select_by_dep=None, packages_skip_by_dep=None, packages_skip_up_to=None, packages_select_build_failed=False, packages_skip_build_finished=False, packages_select_test_failures=False, packages_skip_test_passed=False, packages_select=None, packages_skip=None, packages_select_regex=None, packages_skip_regex=None, packages_start=None, packages_end=None, allow_overriding=[], cmake_args=None, cmake_target=None, cmake_target_skip_unavailable=False, cmake_clean_cache=False, cmake_clean_first=False, cmake_force_configure=False, ament_cmake_args=None, catkin_cmake_args=None, catkin_skip_building_tests=False, mixin_files=None, mixin=None, verb_parser=<colcon_mixin.mixin.mixin_argument.MixinArgumentDecorator object at 0x744104b33970>, verb_extension=<colcon_core.verb.build.BuildVerb object at 0x744104b32f50>, main=<bound method BuildVerb.main of <colcon_core.verb.build.BuildVerb object at 0x744104b32f50>>, mixin_verb=('build',))
[0.472s] Level 1:colcon.colcon_core.package_discovery:discover_packages(colcon_meta) check parameters
[0.472s] Level 1:colcon.colcon_core.package_discovery:discover_packages(recursive) check parameters
[0.472s] Level 1:colcon.colcon_core.package_discovery:discover_packages(ignore) check parameters
[0.472s] Level 1:colcon.colcon_core.package_discovery:discover_packages(path) check parameters
[0.472s] Level 1:colcon.colcon_core.package_discovery:discover_packages(colcon_meta) discover
[0.472s] Level 1:colcon.colcon_core.package_discovery:discover_packages(recursive) discover
[0.473s] INFO:colcon.colcon_core.package_discovery:Crawling recursively for packages in '/home/student/ros2_ws/src/lab'
[0.473s] Level 1:colcon.colcon_core.package_identification:_identify(.) by extensions ['ignore', 'ignore_ament_install']
[0.473s] Level 1:colcon.colcon_core.package_identification:_identify(.) by extension 'ignore'
[0.473s] Level 1:colcon.colcon_core.package_identification:_identify(.) by extension 'ignore_ament_install'
[0.473s] Level 1:colcon.colcon_core.package_identification:_identify(.) by extensions ['colcon_pkg']
[0.473s] Level 1:colcon.colcon_core.package_identification:_identify(.) by extension 'colcon_pkg'
[0.473s] Level 1:colcon.colcon_core.package_identification:_identify(.) by extensions ['colcon_meta']
[0.473s] Level 1:colcon.colcon_core.package_identification:_identify(.) by extension 'colcon_meta'
[0.473s] Level 1:colcon.colcon_core.package_identification:_identify(.) by extensions ['ros']
[0.473s] Level 1:colcon.colcon_core.package_identification:_identify(.) by extension 'ros'
[0.495s] DEBUG:colcon.colcon_core.package_identification:Package '.' with type 'ros.ament_cmake' and name 'lab'
[0.495s] Level 1:colcon.colcon_core.package_discovery:discover_packages(recursive) using defaults
[0.495s] Level 1:colcon.colcon_core.package_discovery:discover_packages(ignore) discover
[0.495s] Level 1:colcon.colcon_core.package_discovery:discover_packages(ignore) using defaults
[0.495s] Level 1:colcon.colcon_core.package_discovery:discover_packages(path) discover
[0.495s] Level 1:colcon.colcon_core.package_discovery:discover_packages(path) using defaults
[0.548s] Level 1:colcon.colcon_core.package_discovery:discover_packages(prefix_path) check parameters
[0.548s] Level 1:colcon.colcon_core.package_discovery:discover_packages(prefix_path) discover
[0.552s] DEBUG:colcon.colcon_installed_package_information.package_discovery:Found 16 installed packages in /home/student/ros2_ws/install
[0.555s] DEBUG:colcon.colcon_installed_package_information.package_discovery:Found 371 installed packages in /opt/ros/humble
[0.558s] Level 1:colcon.colcon_core.package_discovery:discover_packages(prefix_path) using defaults
[0.643s] Level 5:colcon.colcon_core.verb:set package 'lab' build argument 'cmake_args' from command line to 'None'
[0.643s] Level 5:colcon.colcon_core.verb:set package 'lab' build argument 'cmake_target' from command line to 'None'
[0.644s] Level 5:colcon.colcon_core.verb:set package 'lab' build argument 'cmake_target_skip_unavailable' from command line to 'False'
[0.644s] Level 5:colcon.colcon_core.verb:set package 'lab' build argument 'cmake_clean_cache' from command line to 'False'
[0.644s] Level 5:colcon.colcon_core.verb:set package 'lab' build argument 'cmake_clean_first' from command line to 'False'
[0.644s] Level 5:colcon.colcon_core.verb:set package 'lab' build argument 'cmake_force_configure' from command line to 'False'
[0.644s] Level 5:colcon.colcon_core.verb:set package 'lab' build argument 'ament_cmake_args' from command line to 'None'
[0.644s] Level 5:colcon.colcon_core.verb:set package 'lab' build argument 'catkin_cmake_args' from command line to 'None'
[0.644s] Level 5:colcon.colcon_core.verb:set package 'lab' build argument 'catkin_skip_building_tests' from command line to 'False'
[0.644s] DEBUG:colcon.colcon_core.verb:Building package 'lab' with the following arguments: {'ament_cmake_args': None, 'build_base': '/home/student/ros2_ws/src/lab/build/lab', 'catkin_cmake_args': None, 'catkin_skip_building_tests': False, 'cmake_args': None, 'cmake_clean_cache': False, 'cmake_clean_first': False, 'cmake_force_configure': False, 'cmake_target': None, 'cmake_target_skip_unavailable': False, 'install_base': '/home/student/ros2_ws/src/lab/install/lab', 'merge_install': False, 'path': '/home/student/ros2_ws/src/lab', 'symlink_install': False, 'test_result_base': None}
[0.644s] INFO:colcon.colcon_core.executor:Executing jobs using 'parallel' executor
[0.646s] DEBUG:colcon.colcon_parallel_executor.executor.parallel:run_until_complete
[0.647s] INFO:colcon.colcon_ros.task.ament_cmake.build:Building ROS package in '/home/student/ros2_ws/src/lab' with build type 'ament_cmake'
[0.647s] INFO:colcon.colcon_cmake.task.cmake.build:Building CMake package in '/home/student/ros2_ws/src/lab'
[0.650s] INFO:colcon.colcon_core.plugin_system:Skipping extension 'colcon_core.shell.bat': Not used on non-Windows systems
[0.651s] INFO:colcon.colcon_core.shell:Skip shell extension 'powershell' for command environment: Not usable outside of PowerShell
[0.651s] DEBUG:colcon.colcon_core.shell:Skip shell extension 'dsv' for command environment
[0.668s] DEBUG:colcon.colcon_core.event_handler.log_command:Invoking command in '/home/student/ros2_ws/src/lab/build/lab': CMAKE_PREFIX_PATH=${CMAKE_PREFIX_PATH}:/home/student/ros2_ws/install/turtlebot3_teleop:/home/student/ros2_ws/install/turtlebot3_example:/opt/ros/humble /usr/bin/cmake /home/student/ros2_ws/src/lab -DCMAKE_INSTALL_PREFIX=/home/student/ros2_ws/src/lab/install/lab
[1.954s] DEBUG:colcon.colcon_core.event_handler.log_command:Invoked command in '/home/student/ros2_ws/src/lab/build/lab' returned '0': CMAKE_PREFIX_PATH=${CMAKE_PREFIX_PATH}:/home/student/ros2_ws/install/turtlebot3_teleop:/home/student/ros2_ws/install/turtlebot3_example:/opt/ros/humble /usr/bin/cmake /home/student/ros2_ws/src/lab -DCMAKE_INSTALL_PREFIX=/home/student/ros2_ws/src/lab/install/lab
[1.965s] DEBUG:colcon.colcon_core.event_handler.log_command:Invoking command in '/home/student/ros2_ws/src/lab/build/lab': CMAKE_PREFIX_PATH=${CMAKE_PREFIX_PATH}:/home/student/ros2_ws/install/turtlebot3_teleop:/home/student/ros2_ws/install/turtlebot3_example:/opt/ros/humble /usr/bin/cmake --build /home/student/ros2_ws/src/lab/build/lab -- -j8 -l8
[2.054s] DEBUG:colcon.colcon_core.event_handler.log_command:Invoked command in '/home/student/ros2_ws/src/lab/build/lab' returned '0': CMAKE_PREFIX_PATH=${CMAKE_PREFIX_PATH}:/home/student/ros2_ws/install/turtlebot3_teleop:/home/student/ros2_ws/install/turtlebot3_example:/opt/ros/humble /usr/bin/cmake --build /home/student/ros2_ws/src/lab/build/lab -- -j8 -l8
[2.160s] DEBUG:colcon.colcon_core.event_handler.log_command:Invoking command in '/home/student/ros2_ws/src/lab/build/lab': CMAKE_PREFIX_PATH=${CMAKE_PREFIX_PATH}:/home/student/ros2_ws/install/turtlebot3_teleop:/home/student/ros2_ws/install/turtlebot3_example:/opt/ros/humble /usr/bin/cmake --install /home/student/ros2_ws/src/lab/build/lab
[2.189s] Level 1:colcon.colcon_core.environment:create_environment_scripts_only(lab)
[2.192s] Level 1:colcon.colcon_core.environment:checking '/home/student/ros2_ws/src/lab/install/lab' for CMake module files
[2.193s] DEBUG:colcon.colcon_core.event_handler.log_command:Invoked command in '/home/student/ros2_ws/src/lab/build/lab' returned '0': CMAKE_PREFIX_PATH=${CMAKE_PREFIX_PATH}:/home/student/ros2_ws/install/turtlebot3_teleop:/home/student/ros2_ws/install/turtlebot3_example:/opt/ros/humble /usr/bin/cmake --install /home/student/ros2_ws/src/lab/build/lab
[2.194s] Level 1:colcon.colcon_core.environment:checking '/home/student/ros2_ws/src/lab/install/lab' for CMake config files
[2.194s] Level 1:colcon.colcon_core.shell:create_environment_hook('lab', 'cmake_prefix_path')
[2.194s] INFO:colcon.colcon_core.shell:Creating environment hook '/home/student/ros2_ws/src/lab/install/lab/share/lab/hook/cmake_prefix_path.ps1'
[2.195s] INFO:colcon.colcon_core.shell:Creating environment descriptor '/home/student/ros2_ws/src/lab/install/lab/share/lab/hook/cmake_prefix_path.dsv'
[2.196s] INFO:colcon.colcon_core.shell:Creating environment hook '/home/student/ros2_ws/src/lab/install/lab/share/lab/hook/cmake_prefix_path.sh'
[2.197s] Level 1:colcon.colcon_core.environment:checking '/home/student/ros2_ws/src/lab/install/lab/bin'
[2.198s] Level 1:colcon.colcon_core.environment:checking '/home/student/ros2_ws/src/lab/install/lab/lib/pkgconfig/lab.pc'
[2.198s] Level 1:colcon.colcon_core.environment:checking '/home/student/ros2_ws/src/lab/install/lab/lib/python3.10/site-packages'
[2.198s] Level 1:colcon.colcon_core.environment:checking '/home/student/ros2_ws/src/lab/install/lab/bin'
[2.199s] INFO:colcon.colcon_core.shell:Creating package script '/home/student/ros2_ws/src/lab/install/lab/share/lab/package.ps1'
[2.200s] INFO:colcon.colcon_core.shell:Creating package descriptor '/home/student/ros2_ws/src/lab/install/lab/share/lab/package.dsv'
[2.201s] INFO:colcon.colcon_core.shell:Creating package script '/home/student/ros2_ws/src/lab/install/lab/share/lab/package.sh'
[2.202s] INFO:colcon.colcon_core.shell:Creating package script '/home/student/ros2_ws/src/lab/install/lab/share/lab/package.bash'
[2.203s] INFO:colcon.colcon_core.shell:Creating package script '/home/student/ros2_ws/src/lab/install/lab/share/lab/package.zsh'
[2.204s] Level 1:colcon.colcon_core.environment:create_file_with_runtime_dependencies(/home/student/ros2_ws/src/lab/install/lab/share/colcon-core/packages/lab)
[2.299s] Level 1:colcon.colcon_core.environment:create_environment_scripts_only(lab)
[2.299s] Level 1:colcon.colcon_core.environment:checking '/home/student/ros2_ws/src/lab/install/lab' for CMake module files
[2.300s] Level 1:colcon.colcon_core.environment:checking '/home/student/ros2_ws/src/lab/install/lab' for CMake config files
[2.301s] Level 1:colcon.colcon_core.shell:create_environment_hook('lab', 'cmake_prefix_path')
[2.301s] INFO:colcon.colcon_core.shell:Creating environment hook '/home/student/ros2_ws/src/lab/install/lab/share/lab/hook/cmake_prefix_path.ps1'
[2.302s] INFO:colcon.colcon_core.shell:Creating environment descriptor '/home/student/ros2_ws/src/lab/install/lab/share/lab/hook/cmake_prefix_path.dsv'
[2.302s] INFO:colcon.colcon_core.shell:Creating environment hook '/home/student/ros2_ws/src/lab/install/lab/share/lab/hook/cmake_prefix_path.sh'
[2.303s] Level 1:colcon.colcon_core.environment:checking '/home/student/ros2_ws/src/lab/install/lab/bin'
[2.303s] Level 1:colcon.colcon_core.environment:checking '/home/student/ros2_ws/src/lab/install/lab/lib/pkgconfig/lab.pc'
[2.304s] Level 1:colcon.colcon_core.environment:checking '/home/student/ros2_ws/src/lab/install/lab/lib/python3.10/site-packages'
[2.304s] Level 1:colcon.colcon_core.environment:checking '/home/student/ros2_ws/src/lab/install/lab/bin'
[2.305s] INFO:colcon.colcon_core.shell:Creating package script '/home/student/ros2_ws/src/lab/install/lab/share/lab/package.ps1'
[2.305s] INFO:colcon.colcon_core.shell:Creating package descriptor '/home/student/ros2_ws/src/lab/install/lab/share/lab/package.dsv'
[2.306s] INFO:colcon.colcon_core.shell:Creating package script '/home/student/ros2_ws/src/lab/install/lab/share/lab/package.sh'
[2.308s] INFO:colcon.colcon_core.shell:Creating package script '/home/student/ros2_ws/src/lab/install/lab/share/lab/package.bash'
[2.308s] INFO:colcon.colcon_core.shell:Creating package script '/home/student/ros2_ws/src/lab/install/lab/share/lab/package.zsh'
[2.309s] Level 1:colcon.colcon_core.environment:create_file_with_runtime_dependencies(/home/student/ros2_ws/src/lab/install/lab/share/colcon-core/packages/lab)
[2.310s] DEBUG:colcon.colcon_parallel_executor.executor.parallel:closing loop
[2.311s] DEBUG:colcon.colcon_parallel_executor.executor.parallel:loop closed
[2.311s] DEBUG:colcon.colcon_parallel_executor.executor.parallel:run_until_complete finished with '0'
[2.311s] DEBUG:colcon.colcon_core.event_reactor:joining thread
[2.319s] INFO:colcon.colcon_core.plugin_system:Skipping extension 'colcon_notification.desktop_notification.terminal_notifier': Not used on non-Darwin systems
[2.319s] INFO:colcon.colcon_core.plugin_system:Skipping extension 'colcon_notification.desktop_notification.win32': Not used on non-Windows systems
[2.319s] INFO:colcon.colcon_notification.desktop_notification:Sending desktop notification using 'notify2'
[2.347s] DEBUG:colcon.colcon_core.event_reactor:joined thread
[2.348s] INFO:colcon.colcon_core.shell:Creating prefix script '/home/student/ros2_ws/src/lab/install/local_setup.ps1'
[2.349s] INFO:colcon.colcon_core.shell:Creating prefix util module '/home/student/ros2_ws/src/lab/install/_local_setup_util_ps1.py'
[2.351s] INFO:colcon.colcon_core.shell:Creating prefix chain script '/home/student/ros2_ws/src/lab/install/setup.ps1'
[2.354s] INFO:colcon.colcon_core.shell:Creating prefix script '/home/student/ros2_ws/src/lab/install/local_setup.sh'
[2.355s] INFO:colcon.colcon_core.shell:Creating prefix util module '/home/student/ros2_ws/src/lab/install/_local_setup_util_sh.py'
[2.355s] INFO:colcon.colcon_core.shell:Creating prefix chain script '/home/student/ros2_ws/src/lab/install/setup.sh'
[2.359s] INFO:colcon.colcon_core.shell:Creating prefix script '/home/student/ros2_ws/src/lab/install/local_setup.bash'
[2.380s] INFO:colcon.colcon_core.shell:Creating prefix chain script '/home/student/ros2_ws/src/lab/install/setup.bash'
[2.383s] INFO:colcon.colcon_core.shell:Creating prefix script '/home/student/ros2_ws/src/lab/install/local_setup.zsh'
[2.385s] INFO:colcon.colcon_core.shell:Creating prefix chain script '/home/student/ros2_ws/src/lab/install/setup.zsh'
