-- The C compiler identification is GNU 11.4.0
-- The CXX compiler identification is GNU 11.4.0
-- Detecting C compiler ABI info
-- Detecting C compiler ABI info - done
-- Check for working C compiler: /usr/bin/cc - skipped
-- Detecting C compile features
-- Detecting C compile features - done
-- Detecting CXX compiler ABI info
-- Detecting CXX compiler ABI info - done
-- Check for working CXX compiler: /usr/bin/c++ - skipped
-- Detecting CXX compile features
-- Detecting CXX compile features - done
-- Found ament_cmake: 1.3.9 (/opt/ros/humble/share/ament_cmake/cmake)
-- Found Python3: /usr/bin/python3 (found version "3.10.12") found components: Interpreter 
-- Found ament_lint_auto: 0.12.11 (/opt/ros/humble/share/ament_lint_auto/cmake)
-- Added test 'cppcheck' to perform static code analysis on C / C++ code
-- Configured cppcheck include dirs: 
-- Configured cppcheck exclude dirs and/or files: 
-- Added test 'lint_cmake' to check CMake code style
-- Added test 'uncrustify' to check C / C++ code style
-- Configured uncrustify additional arguments: 
-- Added test 'xmllint' to check XML markup files
-- Configuring done
-- Generating done
-- Build files have been written to: /home/student/ros2_ws/src/lab/build/lab
-- Install configuration: ""
-- Installing: /home/student/ros2_ws/src/lab/install/lab/share/ament_index/resource_index/package_run_dependencies/lab
-- Installing: /home/student/ros2_ws/src/lab/install/lab/share/ament_index/resource_index/parent_prefix_path/lab
-- Installing: /home/student/ros2_ws/src/lab/install/lab/share/lab/environment/ament_prefix_path.sh
-- Installing: /home/student/ros2_ws/src/lab/install/lab/share/lab/environment/ament_prefix_path.dsv
-- Installing: /home/student/ros2_ws/src/lab/install/lab/share/lab/environment/path.sh
-- Installing: /home/student/ros2_ws/src/lab/install/lab/share/lab/environment/path.dsv
-- Installing: /home/student/ros2_ws/src/lab/install/lab/share/lab/local_setup.bash
-- Installing: /home/student/ros2_ws/src/lab/install/lab/share/lab/local_setup.sh
-- Installing: /home/student/ros2_ws/src/lab/install/lab/share/lab/local_setup.zsh
-- Installing: /home/student/ros2_ws/src/lab/install/lab/share/lab/local_setup.dsv
-- Installing: /home/student/ros2_ws/src/lab/install/lab/share/lab/package.dsv
-- Installing: /home/student/ros2_ws/src/lab/install/lab/share/ament_index/resource_index/packages/lab
-- Installing: /home/student/ros2_ws/src/lab/install/lab/share/lab/cmake/labConfig.cmake
-- Installing: /home/student/ros2_ws/src/lab/install/lab/share/lab/cmake/labConfig-version.cmake
-- Installing: /home/student/ros2_ws/src/lab/install/lab/share/lab/package.xml
