[0.016s] Invoking command in '/home/student/ros2_ws/src/lab/build/lab': CMAKE_PREFIX_PATH=${CMAKE_PREFIX_PATH}:/home/student/ros2_ws/install/turtlebot3_teleop:/home/student/ros2_ws/install/turtlebot3_example:/opt/ros/humble /usr/bin/cmake /home/student/ros2_ws/src/lab -DCMAKE_INSTALL_PREFIX=/home/student/ros2_ws/src/lab/install/lab
[0.140s] -- The C compiler identification is GNU 11.4.0
[0.262s] -- The CXX compiler identification is GNU 11.4.0
[0.275s] -- Detecting C compiler ABI info
[0.417s] -- Detecting C compiler ABI info - done
[0.431s] -- Check for working C compiler: /usr/bin/cc - skipped
[0.432s] -- Detecting C compile features
[0.433s] -- Detecting C compile features - done
[0.438s] -- Detecting CXX compiler ABI info
[0.598s] -- Detecting CXX compiler ABI info - done
[0.613s] -- Check for working CXX compiler: /usr/bin/c++ - skipped
[0.614s] -- Detecting CXX compile features
[0.615s] -- Detecting CXX compile features - done
[0.621s] -- Found ament_cmake: 1.3.9 (/opt/ros/humble/share/ament_cmake/cmake)
[0.891s] -- Found Python3: /usr/bin/python3 (found version "3.10.12") found components: Interpreter 
[1.108s] -- Found ament_lint_auto: 0.12.11 (/opt/ros/humble/share/ament_lint_auto/cmake)
[1.269s] -- Added test 'cppcheck' to perform static code analysis on C / C++ code
[1.270s] -- Configured cppcheck include dirs: 
[1.270s] -- Configured cppcheck exclude dirs and/or files: 
[1.274s] -- Added test 'lint_cmake' to check CMake code style
[1.281s] -- Added test 'uncrustify' to check C / C++ code style
[1.281s] -- Configured uncrustify additional arguments: 
[1.283s] -- Added test 'xmllint' to check XML markup files
[1.286s] -- Configuring done
[1.291s] -- Generating done
[1.294s] -- Build files have been written to: /home/student/ros2_ws/src/lab/build/lab
[1.301s] Invoked command in '/home/student/ros2_ws/src/lab/build/lab' returned '0': CMAKE_PREFIX_PATH=${CMAKE_PREFIX_PATH}:/home/student/ros2_ws/install/turtlebot3_teleop:/home/student/ros2_ws/install/turtlebot3_example:/opt/ros/humble /usr/bin/cmake /home/student/ros2_ws/src/lab -DCMAKE_INSTALL_PREFIX=/home/student/ros2_ws/src/lab/install/lab
[1.313s] Invoking command in '/home/student/ros2_ws/src/lab/build/lab': CMAKE_PREFIX_PATH=${CMAKE_PREFIX_PATH}:/home/student/ros2_ws/install/turtlebot3_teleop:/home/student/ros2_ws/install/turtlebot3_example:/opt/ros/humble /usr/bin/cmake --build /home/student/ros2_ws/src/lab/build/lab -- -j8 -l8
[1.402s] Invoked command in '/home/student/ros2_ws/src/lab/build/lab' returned '0': CMAKE_PREFIX_PATH=${CMAKE_PREFIX_PATH}:/home/student/ros2_ws/install/turtlebot3_teleop:/home/student/ros2_ws/install/turtlebot3_example:/opt/ros/humble /usr/bin/cmake --build /home/student/ros2_ws/src/lab/build/lab -- -j8 -l8
[1.509s] Invoking command in '/home/student/ros2_ws/src/lab/build/lab': CMAKE_PREFIX_PATH=${CMAKE_PREFIX_PATH}:/home/student/ros2_ws/install/turtlebot3_teleop:/home/student/ros2_ws/install/turtlebot3_example:/opt/ros/humble /usr/bin/cmake --install /home/student/ros2_ws/src/lab/build/lab
[1.524s] -- Install configuration: ""
[1.525s] -- Installing: /home/student/ros2_ws/src/lab/install/lab/share/ament_index/resource_index/package_run_dependencies/lab
[1.526s] -- Installing: /home/student/ros2_ws/src/lab/install/lab/share/ament_index/resource_index/parent_prefix_path/lab
[1.527s] -- Installing: /home/student/ros2_ws/src/lab/install/lab/share/lab/environment/ament_prefix_path.sh
[1.527s] -- Installing: /home/student/ros2_ws/src/lab/install/lab/share/lab/environment/ament_prefix_path.dsv
[1.528s] -- Installing: /home/student/ros2_ws/src/lab/install/lab/share/lab/environment/path.sh
[1.528s] -- Installing: /home/student/ros2_ws/src/lab/install/lab/share/lab/environment/path.dsv
[1.529s] -- Installing: /home/student/ros2_ws/src/lab/install/lab/share/lab/local_setup.bash
[1.530s] -- Installing: /home/student/ros2_ws/src/lab/install/lab/share/lab/local_setup.sh
[1.530s] -- Installing: /home/student/ros2_ws/src/lab/install/lab/share/lab/local_setup.zsh
[1.531s] -- Installing: /home/student/ros2_ws/src/lab/install/lab/share/lab/local_setup.dsv
[1.532s] -- Installing: /home/student/ros2_ws/src/lab/install/lab/share/lab/package.dsv
[1.532s] -- Installing: /home/student/ros2_ws/src/lab/install/lab/share/ament_index/resource_index/packages/lab
[1.533s] -- Installing: /home/student/ros2_ws/src/lab/install/lab/share/lab/cmake/labConfig.cmake
[1.534s] -- Installing: /home/student/ros2_ws/src/lab/install/lab/share/lab/cmake/labConfig-version.cmake
[1.534s] -- Installing: /home/student/ros2_ws/src/lab/install/lab/share/lab/package.xml
[1.542s] Invoked command in '/home/student/ros2_ws/src/lab/build/lab' returned '0': CMAKE_PREFIX_PATH=${CMAKE_PREFIX_PATH}:/home/student/ros2_ws/install/turtlebot3_teleop:/home/student/ros2_ws/install/turtlebot3_example:/opt/ros/humble /usr/bin/cmake --install /home/student/ros2_ws/src/lab/build/lab
